date: 2014-05-08 17:16:20.816
argv: f:\Program Files\nodejs\node.exe c:\Users\caonan\AppData\Roaming\npm\node_modules\hexo\bin\hexo generate
os: Windows_NT 6.1.7601 win32 x64
version:
  hexo: 2.5.6
  http_parser: 1.0
  node: 0.10.28
  v8: 3.14.5.9
  ares: 1.9.0-DEV
  uv: 0.10.27
  zlib: 1.2.3
  modules: 11
  openssl: 1.0.1g
---

[debug] 17:16:19.704 Config file loaded
[debug] 17:16:19.705 Version info checked successfully
[debug] 17:16:19.726 Loading database.
[debug] 17:16:19.750 Script load successfully: fancybox.js
[error] 17:16:20.714 HexoError: Process failed: server/index.md
TypeError: Object chinese,english has no method 'toLowerCase'
    at SchemaMoment.cast (c:\Users\caonan\AppData\Roaming\npm\node_modules\hexo\lib\model\types\moment.js:20:52)
    at Model._applySetter (c:\Users\caonan\AppData\Roaming\npm\node_modules\hexo\node_modules\warehouse\lib\model.js:394:49)
    at Model._save (c:\Users\caonan\AppData\Roaming\npm\node_modules\hexo\node_modules\warehouse\lib\model.js:466:19)
    at Model.insert (c:\Users\caonan\AppData\Roaming\npm\node_modules\hexo\node_modules\warehouse\lib\model.js:522:8)
    at c:\Users\caonan\AppData\Roaming\npm\node_modules\hexo\lib\plugins\processor\page.js:80:14
    at c:\Users\caonan\AppData\Roaming\npm\node_modules\hexo\lib\post\render.js:128:5
    at c:\Users\caonan\AppData\Roaming\npm\node_modules\hexo\node_modules\async\lib\async.js:240:13
    at c:\Users\caonan\AppData\Roaming\npm\node_modules\hexo\node_modules\async\lib\async.js:150:25
    at c:\Users\caonan\AppData\Roaming\npm\node_modules\hexo\node_modules\async\lib\async.js:237:17
    at c:\Users\caonan\AppData\Roaming\npm\node_modules\hexo\node_modules\async\lib\async.js:600:34

[debug] 17:16:20.746 Processed: LICENSE
[debug] 17:16:20.746 Processed: README.md
[debug] 17:16:20.747 Processed: scripts/fancybox.js
[debug] 17:16:20.777 Processed: source/css/_base/font.styl
[debug] 17:16:20.777 Processed: source/css/_base/public.styl
[debug] 17:16:20.777 Processed: source/css/_base/variable.styl
[debug] 17:16:20.777 Processed: source/css/_base/code.styl
[debug] 17:16:20.777 Processed: source/css/_partial/aside.styl
[debug] 17:16:20.777 Processed: source/css/_partial/duoshuo.styl
[debug] 17:16:20.777 Processed: source/css/_partial/article.styl
[debug] 17:16:20.777 Processed: source/css/_partial/footer.styl
[debug] 17:16:20.777 Processed: source/css/_partial/header.styl
[debug] 17:16:20.777 Processed: source/css/_partial/gallery.styl
[debug] 17:16:20.777 Processed: source/css/_partial/helper.styl
[debug] 17:16:20.778 Processed: source/css/_partial/index.styl
[debug] 17:16:20.780 Processed: source/img/author.jpg
[debug] 17:16:20.780 Processed: source/img/favicon.ico
[debug] 17:16:20.782 Processed: source/img/logo.svg
[debug] 17:16:20.782 Processed: source/img/pacman.jpg
[debug] 17:16:20.783 Processed: source/js/jquery-2.1.0.min.js
[debug] 17:16:20.783 Processed: source/font/coveredbyyourgrace-webfont.svg
[debug] 17:16:20.784 Processed: source/font/coveredbyyourgrace-webfont.eot
[debug] 17:16:20.785 Processed: source/font/FontAwesome.otf
[debug] 17:16:20.785 Processed: source/font/coveredbyyourgrace-webfont.ttf
[debug] 17:16:20.786 Processed: source/font/coveredbyyourgrace-webfont.woff
[debug] 17:16:20.786 Processed: source/font/fontawesome-webfont.eot
[debug] 17:16:20.787 Processed: source/font/fontawesome-webfont.svg
[debug] 17:16:20.787 Processed: source/font/fontawesome-webfont.ttf
[debug] 17:16:20.801 Processed: source/font/fontawesome-webfont.woff
[debug] 17:16:20.802 Processed: source/fancybox/blank.gif
[debug] 17:16:20.803 Processed: source/fancybox/fancybox_loading.gif
[debug] 17:16:20.804 Processed: source/fancybox/fancybox_loading@2x.gif
[debug] 17:16:20.804 Processed: source/fancybox/fancybox_overlay.png
[debug] 17:16:20.805 Processed: source/fancybox/fancybox_sprite.png
[debug] 17:16:20.806 Processed: source/fancybox/fancybox_sprite@2x.png
[debug] 17:16:20.807 Processed: source/fancybox/jquery.fancybox.css
[debug] 17:16:20.807 Processed: source/fancybox/jquery.fancybox.js
[debug] 17:16:20.808 Processed: source/fancybox/jquery.fancybox.pack.js
[debug] 17:16:20.809 Processed: source/fancybox/helpers/fancybox_buttons.png
[debug] 17:16:20.810 Processed: source/fancybox/helpers/jquery.fancybox-buttons.css
[debug] 17:16:20.811 Processed: source/fancybox/helpers/jquery.fancybox-buttons.js
[debug] 17:16:20.812 Processed: source/fancybox/helpers/jquery.fancybox-media.js
[debug] 17:16:20.812 Processed: source/fancybox/helpers/jquery.fancybox-thumbs.css
[debug] 17:16:20.813 Processed: source/fancybox/helpers/jquery.fancybox-thumbs.js
[debug] 17:16:20.816 Processed: source/css/style.styl
[debug] 17:16:20.816 Cache saved